
> @apps/api@0.0.0 dev /Users/tahsingulcek/Software/Dev/TaskBoard/apps/api
> node src/index.js

[dotenv@17.2.3] injecting env (0) from .env -- tip: ✅ audit secrets and track compliance: https://dotenvx.com/ops
[api] mongo connected
[api] redis connected
[api] rabbit connected
[api] API running on http://localhost:3001
[0mPOST /api/auth/otp/request [32m200[0m 8.458 ms - 11[0m
[api] MongoServerError: E11000 duplicate key error collection: taskboard.sessions index: refreshTokenHash_1 dup key: { refreshTokenHash: null }
    at InsertOneOperation.handleOk (/Users/tahsingulcek/Software/Dev/TaskBoard/node_modules/.pnpm/mongodb@7.0.0/node_modules/mongodb/lib/operations/insert.js:51:19)
    at tryOperation (/Users/tahsingulcek/Software/Dev/TaskBoard/node_modules/.pnpm/mongodb@7.0.0/node_modules/mongodb/lib/operations/execute_operation.js:216:34)
    at process.processTicksAndRejections (node:internal/process/task_queues:105:5)
    at async executeOperation (/Users/tahsingulcek/Software/Dev/TaskBoard/node_modules/.pnpm/mongodb@7.0.0/node_modules/mongodb/lib/operations/execute_operation.js:80:16)
    at async Collection.insertOne (/Users/tahsingulcek/Software/Dev/TaskBoard/node_modules/.pnpm/mongodb@7.0.0/node_modules/mongodb/lib/collection.js:154:16)
    at async model.$__save (/Users/tahsingulcek/Software/Dev/TaskBoard/node_modules/.pnpm/mongoose@9.1.4/node_modules/mongoose/lib/model.js:398:16)
    at async model.save (/Users/tahsingulcek/Software/Dev/TaskBoard/node_modules/.pnpm/mongoose@9.1.4/node_modules/mongoose/lib/model.js:609:5)
    at async /Users/tahsingulcek/Software/Dev/TaskBoard/node_modules/.pnpm/mongoose@9.1.4/node_modules/mongoose/lib/model.js:2714:9
    at async Promise.all (index 0)
    at async model.create (/Users/tahsingulcek/Software/Dev/TaskBoard/node_modules/.pnpm/mongoose@9.1.4/node_modules/mongoose/lib/model.js:2699:11) {
  errorLabelSet: Set(0) {},
  errorResponse: {
    index: 0,
    code: 11000,
    errmsg: 'E11000 duplicate key error collection: taskboard.sessions index: refreshTokenHash_1 dup key: { refreshTokenHash: null }',
    keyPattern: { refreshTokenHash: 1 },
    keyValue: { refreshTokenHash: null }
  },
  index: 0,
  code: 11000,
  keyPattern: { refreshTokenHash: 1 },
  keyValue: { refreshTokenHash: null }
}
[0mPOST /api/auth/otp/verify [31m500[0m 35.231 ms - 33[0m
[api] Error: OTP invalid or expired
    at verifyOtp (file:///Users/tahsingulcek/Software/Dev/TaskBoard/apps/api/src/modules/auth/service.js:41:11)
    at process.processTicksAndRejections (node:internal/process/task_queues:105:5)
    at async verifyOtpController (file:///Users/tahsingulcek/Software/Dev/TaskBoard/apps/api/src/modules/auth/controller.js:16:24)
[0mPOST /api/auth/otp/verify [31m500[0m 1.577 ms - 33[0m
[0mPOST /api/auth/otp/request [32m200[0m 4.914 ms - 11[0m
[0mPOST /api/auth/otp/verify [32m200[0m 7.449 ms - 611[0m
node:events:486
      throw er; // Unhandled 'error' event
      ^

Error: Heartbeat timeout
    at Heart.<anonymous> (/Users/tahsingulcek/Software/Dev/TaskBoard/node_modules/.pnpm/amqplib@0.10.9/node_modules/amqplib/lib/connection.js:379:21)
    at Heart.emit (node:events:508:28)
    at Heart.runHeartbeat (/Users/tahsingulcek/Software/Dev/TaskBoard/node_modules/.pnpm/amqplib@0.10.9/node_modules/amqplib/lib/heartbeat.js:88:7)
    at listOnTimeout (node:internal/timers:608:17)
    at process.processTimers (node:internal/timers:543:7)
Emitted 'error' event on ChannelModel instance at:
    at Connection.emit (node:events:508:28)
    at Heart.<anonymous> (/Users/tahsingulcek/Software/Dev/TaskBoard/node_modules/.pnpm/amqplib@0.10.9/node_modules/amqplib/lib/connection.js:380:14)
    at Heart.emit (node:events:508:28)
    at Heart.runHeartbeat (/Users/tahsingulcek/Software/Dev/TaskBoard/node_modules/.pnpm/amqplib@0.10.9/node_modules/amqplib/lib/heartbeat.js:88:7)
    at listOnTimeout (node:internal/timers:608:17)
    at process.processTimers (node:internal/timers:543:7)

Node.js v24.11.0
 ERR_PNPM_RECURSIVE_RUN_FIRST_FAIL  @apps/api@0.0.0 dev: `node src/index.js`
Exit status 1
